Determining if the pthread_create exist failed with the following output:
Change Dir: /home/astokely/SEEKR/openseekr/plugin/build/CMakeFiles/CMakeTmp

Run Build Command:"/usr/bin/make" "cmTC_1eee6/fast"
/usr/bin/make -f CMakeFiles/cmTC_1eee6.dir/build.make CMakeFiles/cmTC_1eee6.dir/build
make[1]: Entering directory '/home/astokely/SEEKR/openseekr/plugin/build/CMakeFiles/CMakeTmp'
Building C object CMakeFiles/cmTC_1eee6.dir/CheckSymbolExists.c.o
/usr/bin/cc   -fPIC    -o CMakeFiles/cmTC_1eee6.dir/CheckSymbolExists.c.o   -c /home/astokely/SEEKR/openseekr/plugin/build/CMakeFiles/CMakeTmp/CheckSymbolExists.c
Linking C executable cmTC_1eee6
/usr/local/bin/cmake -E cmake_link_script CMakeFiles/cmTC_1eee6.dir/link.txt --verbose=1
/usr/bin/cc -fPIC     -rdynamic CMakeFiles/cmTC_1eee6.dir/CheckSymbolExists.c.o  -o cmTC_1eee6 
CMakeFiles/cmTC_1eee6.dir/CheckSymbolExists.c.o: In function `main':
CheckSymbolExists.c:(.text+0x1b): undefined reference to `pthread_create'
collect2: error: ld returned 1 exit status
CMakeFiles/cmTC_1eee6.dir/build.make:86: recipe for target 'cmTC_1eee6' failed
make[1]: *** [cmTC_1eee6] Error 1
make[1]: Leaving directory '/home/astokely/SEEKR/openseekr/plugin/build/CMakeFiles/CMakeTmp'
Makefile:126: recipe for target 'cmTC_1eee6/fast' failed
make: *** [cmTC_1eee6/fast] Error 2

File /home/astokely/SEEKR/openseekr/plugin/build/CMakeFiles/CMakeTmp/CheckSymbolExists.c:
/* */
#include <pthread.h>

int main(int argc, char** argv)
{
  (void)argv;
#ifndef pthread_create
  return ((int*)(&pthread_create))[argc];
#else
  (void)argc;
  return 0;
#endif
}

Determining if the function pthread_create exists in the pthreads failed with the following output:
Change Dir: /home/astokely/SEEKR/openseekr/plugin/build/CMakeFiles/CMakeTmp

Run Build Command:"/usr/bin/make" "cmTC_2ee10/fast"
/usr/bin/make -f CMakeFiles/cmTC_2ee10.dir/build.make CMakeFiles/cmTC_2ee10.dir/build
make[1]: Entering directory '/home/astokely/SEEKR/openseekr/plugin/build/CMakeFiles/CMakeTmp'
Building C object CMakeFiles/cmTC_2ee10.dir/CheckFunctionExists.c.o
/usr/bin/cc   -fPIC -DCHECK_FUNCTION_EXISTS=pthread_create   -o CMakeFiles/cmTC_2ee10.dir/CheckFunctionExists.c.o   -c /usr/local/share/cmake-3.11/Modules/CheckFunctionExists.c
Linking C executable cmTC_2ee10
/usr/local/bin/cmake -E cmake_link_script CMakeFiles/cmTC_2ee10.dir/link.txt --verbose=1
/usr/bin/cc -fPIC -DCHECK_FUNCTION_EXISTS=pthread_create    -rdynamic CMakeFiles/cmTC_2ee10.dir/CheckFunctionExists.c.o  -o cmTC_2ee10 -lpthreads 
/usr/bin/ld: cannot find -lpthreads
collect2: error: ld returned 1 exit status
CMakeFiles/cmTC_2ee10.dir/build.make:86: recipe for target 'cmTC_2ee10' failed
make[1]: *** [cmTC_2ee10] Error 1
make[1]: Leaving directory '/home/astokely/SEEKR/openseekr/plugin/build/CMakeFiles/CMakeTmp'
Makefile:126: recipe for target 'cmTC_2ee10/fast' failed
make: *** [cmTC_2ee10/fast] Error 2


